0 info it worked if it ends with ok
1 verbose cli [ '/Users/ltodd/.nvm/versions/node/v6.9.1/bin/node',
1 verbose cli   '/Users/ltodd/.nvm/versions/node/v6.9.1/bin/npm',
1 verbose cli   'start' ]
2 info using npm@3.10.8
3 info using node@v6.9.1
4 verbose run-script [ 'prestart', 'start', 'poststart' ]
5 info lifecycle tasksrest@0.0.0~prestart: tasksrest@0.0.0
6 silly lifecycle tasksrest@0.0.0~prestart: no script for prestart, continuing
7 info lifecycle tasksrest@0.0.0~start: tasksrest@0.0.0
8 verbose lifecycle tasksrest@0.0.0~start: unsafe-perm in lifecycle true
9 verbose lifecycle tasksrest@0.0.0~start: PATH: /Users/ltodd/.nvm/versions/node/v6.9.1/lib/node_modules/npm/bin/node-gyp-bin:/Users/ltodd/Projects/tasksREST/node_modules/.bin:/Library/Frameworks/Python.framework/Versions/3.6/bin:/Users/ltodd/.nvm/versions/node/v6.9.1/bin:/Users/ltodd/.jenv/shims:/Users/ltodd/.rbenv/shims:/opt/local/bin:/opt/local/sbin:/Users/ltodd/.phpbrew/php/php-5.6.26/bin:/Users/ltodd/.phpbrew/bin:/Users/ltodd/.jenv/shims:/usr/local/bin:/usr/bin:/bin:/usr/sbin:/sbin:/opt/X11/bin:/usr/local/go/bin:/Users/ltodd/work/bin:~/.pub-cache/bin:/usr/local/bin:/Users/ltodd/geckodriver/:/Users/ltodd/chromedriver/:/Users/ltodd/.composer/vendor/bin/://usr/bin/apache-maven-3.0.5/bin
10 verbose lifecycle tasksrest@0.0.0~start: CWD: /Users/ltodd/Projects/tasksREST
11 silly lifecycle tasksrest@0.0.0~start: Args: [ '-c', 'node ./bin/www' ]
12 silly lifecycle tasksrest@0.0.0~start: Returned: code: 1  signal: null
13 info lifecycle tasksrest@0.0.0~start: Failed to exec start script
14 verbose stack Error: tasksrest@0.0.0 start: `node ./bin/www`
14 verbose stack Exit status 1
14 verbose stack     at EventEmitter.<anonymous> (/Users/ltodd/.nvm/versions/node/v6.9.1/lib/node_modules/npm/lib/utils/lifecycle.js:255:16)
14 verbose stack     at emitTwo (events.js:106:13)
14 verbose stack     at EventEmitter.emit (events.js:191:7)
14 verbose stack     at ChildProcess.<anonymous> (/Users/ltodd/.nvm/versions/node/v6.9.1/lib/node_modules/npm/lib/utils/spawn.js:40:14)
14 verbose stack     at emitTwo (events.js:106:13)
14 verbose stack     at ChildProcess.emit (events.js:191:7)
14 verbose stack     at maybeClose (internal/child_process.js:877:16)
14 verbose stack     at Process.ChildProcess._handle.onexit (internal/child_process.js:226:5)
15 verbose pkgid tasksrest@0.0.0
16 verbose cwd /Users/ltodd/Projects/tasksREST
17 error Darwin 14.4.0
18 error argv "/Users/ltodd/.nvm/versions/node/v6.9.1/bin/node" "/Users/ltodd/.nvm/versions/node/v6.9.1/bin/npm" "start"
19 error node v6.9.1
20 error npm  v3.10.8
21 error code ELIFECYCLE
22 error tasksrest@0.0.0 start: `node ./bin/www`
22 error Exit status 1
23 error Failed at the tasksrest@0.0.0 start script 'node ./bin/www'.
23 error Make sure you have the latest version of node.js and npm installed.
23 error If you do, this is most likely a problem with the tasksrest package,
23 error not with npm itself.
23 error Tell the author that this fails on your system:
23 error     node ./bin/www
23 error You can get information on how to open an issue for this project with:
23 error     npm bugs tasksrest
23 error Or if that isn't available, you can get their info via:
23 error     npm owner ls tasksrest
23 error There is likely additional logging output above.
24 verbose exit [ 1, true ]
